{"uuid":"5381d008-e4b3-45f1-8ae0-350ce93289d6","historyId":"466b6d6c6365eff91efddfbc8d7c8c83:5bd835b0d6b1d4ada3b9f0db936e82c8","status":"failed","statusDetails":{"message":"Error: locator.fill: DOMException: Failed to execute 'evaluate' on 'Document': The string '//input[@name='email'])[1]' is not a valid XPath expression.\n    at Object.queryAll (<anonymous>:41:25)\n    at InjectedScript._queryEngineAll (<anonymous>:4859:49)\n    at InjectedScript.querySelectorAll (<anonymous>:4846:30)\n    at eval (eval at evaluate (:226:30), <anonymous>:4:35)\n    at UtilityScript.evaluate (<anonymous>:228:17)\n    at UtilityScript.<anonymous> (<anonymous>:1:44)\nCall log:\n  - waiting for locator('//input[@name=\\'email\\'])[1]')\n","trace":"Error: locator.fill: DOMException: Failed to execute 'evaluate' on 'Document': The string '//input[@name='email'])[1]' is not a valid XPath expression.\n    at Object.queryAll (<anonymous>:41:25)\n    at InjectedScript._queryEngineAll (<anonymous>:4859:49)\n    at InjectedScript.querySelectorAll (<anonymous>:4846:30)\n    at eval (eval at evaluate (:226:30), <anonymous>:4:35)\n    at UtilityScript.evaluate (<anonymous>:228:17)\n    at UtilityScript.<anonymous> (<anonymous>:1:44)\nCall log:\n  - waiting for locator('//input[@name=\\'email\\'])[1]')\n\n    at Object.queryAll (/Users/pabloyacoli/WILEY/playwright_poc/<anonymous>:41:25)\n    at InjectedScript._queryEngineAll (/Users/pabloyacoli/WILEY/playwright_poc/<anonymous>:4859:49)\n    at InjectedScript.querySelectorAll (/Users/pabloyacoli/WILEY/playwright_poc/<anonymous>:4846:30)\n    at eval (/Users/pabloyacoli/WILEY/playwright_poc/eval at evaluate (:226:30), <anonymous>:4:35)\n    at UtilityScript.evaluate (/Users/pabloyacoli/WILEY/playwright_poc/<anonymous>:228:17)\n    at UtilityScript.<anonymous> (/Users/pabloyacoli/WILEY/playwright_poc/<anonymous>:1:44)\n    at /Users/pabloyacoli/WILEY/playwright_poc/tests/poc.spec.js:29:33"},"stage":"pending","steps":[{"status":"passed","statusDetails":{},"stage":"pending","steps":[{"status":"passed","statusDetails":{},"stage":"pending","steps":[{"status":"passed","statusDetails":{},"stage":"pending","steps":[],"attachments":[],"parameters":[],"start":1702641827963,"name":"browserType.launch","stop":1702641828230}],"attachments":[],"parameters":[],"start":1702641827961,"name":"fixture: browser","stop":1702641828230},{"status":"passed","statusDetails":{},"stage":"pending","steps":[{"status":"passed","statusDetails":{},"stage":"pending","steps":[],"attachments":[],"parameters":[],"start":1702641828234,"name":"browser.newContext","stop":1702641828238}],"attachments":[],"parameters":[],"start":1702641828231,"name":"fixture: context","stop":1702641828242},{"status":"passed","statusDetails":{},"stage":"pending","steps":[{"status":"passed","statusDetails":{},"stage":"pending","steps":[],"attachments":[],"parameters":[],"start":1702641828243,"name":"browserContext.newPage","stop":1702641828492}],"attachments":[],"parameters":[],"start":1702641828242,"name":"fixture: page","stop":1702641828492}],"attachments":[],"parameters":[],"start":1702641827948,"name":"Before Hooks","stop":1702641828492},{"status":"passed","statusDetails":{},"stage":"pending","steps":[],"attachments":[],"parameters":[],"start":1702641828495,"name":"page.goto(https://dev.checkout.wiley.com/en-gb/login)","stop":1702641831278},{"status":"failed","statusDetails":{"message":"Error: locator.isDisabled: Test ended.\nCall log:\n  - waiting for locator('//button[contains(@class,\\'login-account__submit-btn\\')]')\n","trace":"Error: locator.isDisabled: Test ended.\nCall log:\n  - waiting for locator('//button[contains(@class,\\'login-account__submit-btn\\')]')\n\n    at /Users/pabloyacoli/WILEY/playwright_poc/tests/poc.spec.js:28:28"},"stage":"pending","steps":[{"status":"failed","statusDetails":{"message":"Error: locator.fill: DOMException: Failed to execute 'evaluate' on 'Document': The string '//input[@name='email'])[1]' is not a valid XPath expression.\n    at Object.queryAll (<anonymous>:41:25)\n    at InjectedScript._queryEngineAll (<anonymous>:4859:49)\n    at InjectedScript.querySelectorAll (<anonymous>:4846:30)\n    at eval (eval at evaluate (:226:30), <anonymous>:4:35)\n    at UtilityScript.evaluate (<anonymous>:228:17)\n    at UtilityScript.<anonymous> (<anonymous>:1:44)\nCall log:\n  - waiting for locator('//input[@name=\\'email\\'])[1]')\n","trace":"Error: locator.fill: DOMException: Failed to execute 'evaluate' on 'Document': The string '//input[@name='email'])[1]' is not a valid XPath expression.\n    at Object.queryAll (<anonymous>:41:25)\n    at InjectedScript._queryEngineAll (<anonymous>:4859:49)\n    at InjectedScript.querySelectorAll (<anonymous>:4846:30)\n    at eval (eval at evaluate (:226:30), <anonymous>:4:35)\n    at UtilityScript.evaluate (<anonymous>:228:17)\n    at UtilityScript.<anonymous> (<anonymous>:1:44)\nCall log:\n  - waiting for locator('//input[@name=\\'email\\'])[1]')\n\n    at Object.queryAll (/Users/pabloyacoli/WILEY/playwright_poc/<anonymous>:41:25)\n    at InjectedScript._queryEngineAll (/Users/pabloyacoli/WILEY/playwright_poc/<anonymous>:4859:49)\n    at InjectedScript.querySelectorAll (/Users/pabloyacoli/WILEY/playwright_poc/<anonymous>:4846:30)\n    at eval (/Users/pabloyacoli/WILEY/playwright_poc/eval at evaluate (:226:30), <anonymous>:4:35)\n    at UtilityScript.evaluate (/Users/pabloyacoli/WILEY/playwright_poc/<anonymous>:228:17)\n    at UtilityScript.<anonymous> (/Users/pabloyacoli/WILEY/playwright_poc/<anonymous>:1:44)\n    at /Users/pabloyacoli/WILEY/playwright_poc/tests/poc.spec.js:29:33"},"stage":"pending","steps":[],"attachments":[],"parameters":[],"start":1702641831281,"name":"locator.fill(//input[@name='email'])[1])","stop":1702641831304}],"attachments":[],"parameters":[],"start":1702641831279,"name":"locator.isDisabled(//button[contains(@class,'login-account__submit-btn')])","stop":1702641831373},{"status":"failed","statusDetails":{"message":"Error: locator.fill: DOMException: Failed to execute 'evaluate' on 'Document': The string '//input[@name='email'])[1]' is not a valid XPath expression.\n    at Object.queryAll (<anonymous>:41:25)\n    at InjectedScript._queryEngineAll (<anonymous>:4859:49)\n    at InjectedScript.querySelectorAll (<anonymous>:4846:30)\n    at eval (eval at evaluate (:226:30), <anonymous>:4:35)\n    at UtilityScript.evaluate (<anonymous>:228:17)\n    at UtilityScript.<anonymous> (<anonymous>:1:44)\nCall log:\n  - waiting for locator('//input[@name=\\'email\\'])[1]')\n","trace":"Error: locator.fill: DOMException: Failed to execute 'evaluate' on 'Document': The string '//input[@name='email'])[1]' is not a valid XPath expression.\n    at Object.queryAll (<anonymous>:41:25)\n    at InjectedScript._queryEngineAll (<anonymous>:4859:49)\n    at InjectedScript.querySelectorAll (<anonymous>:4846:30)\n    at eval (eval at evaluate (:226:30), <anonymous>:4:35)\n    at UtilityScript.evaluate (<anonymous>:228:17)\n    at UtilityScript.<anonymous> (<anonymous>:1:44)\nCall log:\n  - waiting for locator('//input[@name=\\'email\\'])[1]')\n\n    at Object.queryAll (/Users/pabloyacoli/WILEY/playwright_poc/<anonymous>:41:25)\n    at InjectedScript._queryEngineAll (/Users/pabloyacoli/WILEY/playwright_poc/<anonymous>:4859:49)\n    at InjectedScript.querySelectorAll (/Users/pabloyacoli/WILEY/playwright_poc/<anonymous>:4846:30)\n    at eval (/Users/pabloyacoli/WILEY/playwright_poc/eval at evaluate (:226:30), <anonymous>:4:35)\n    at UtilityScript.evaluate (/Users/pabloyacoli/WILEY/playwright_poc/<anonymous>:228:17)\n    at UtilityScript.<anonymous> (/Users/pabloyacoli/WILEY/playwright_poc/<anonymous>:1:44)\n    at /Users/pabloyacoli/WILEY/playwright_poc/tests/poc.spec.js:29:33"},"stage":"pending","steps":[],"attachments":[],"parameters":[],"start":1702641831304,"name":"Error: locator.fill: DOMException: Failed to execute 'evaluate' on 'Document': The string '//input[@name='email'])[1]' is not a valid XPath expression.\n    at Object.queryAll (<anonymous>:41:25)\n    at InjectedScript._queryEngineAll (<anonymous>:4859:49)\n    at InjectedScript.querySelectorAll (<anonymous>:4846:30)\n    at eval (eval at evaluate (:226:30), <anonymous>:4:35)\n    at UtilityScript.evaluate (<anonymous>:228:17)\n    at UtilityScript.<anonymous> (<anonymous>:1:44)\nCall log:\n  \u001b[2m- waiting for locator('//input[@name=\\'email\\'])[1]')\u001b[22m\n","stop":1702641831304},{"status":"passed","statusDetails":{},"stage":"pending","steps":[{"status":"passed","statusDetails":{},"stage":"pending","steps":[],"attachments":[],"parameters":[],"start":1702641831304,"name":"fixture: page","stop":1702641831304},{"status":"passed","statusDetails":{},"stage":"pending","steps":[],"attachments":[],"parameters":[],"start":1702641831304,"name":"fixture: context","stop":1702641831304},{"status":"passed","statusDetails":{},"stage":"pending","steps":[],"attachments":[],"parameters":[],"start":1702641831460,"name":"fixture: browser","stop":1702641831529}],"attachments":[],"parameters":[],"start":1702641831304,"name":"After Hooks","stop":1702641831529}],"attachments":[{"name":"trace","type":"application/zip","source":"1f1eb0c3-aa1e-437c-b0fb-18c6ec260ba7-attachment.zip"}],"parameters":[{"name":"Project","value":"chromium"}],"labels":[{"name":"language","value":"JavaScript"},{"name":"framework","value":"Playwright"},{"name":"titlePath","value":" > chromium > poc.spec.js"},{"name":"host","value":"Pablos-MacBook-Pro.local"},{"name":"thread","value":"Pablos-MacBook-Pro.local-33505-playwright-worker-0"},{"name":"parentSuite","value":"chromium"},{"name":"suite","value":"poc.spec.js"}],"links":[],"start":1702641827946,"name":"TC02_verifyLoginFromCheckoutPage","fullName":"poc.spec.js#TC02_verifyLoginFromCheckoutPage","testCaseId":"466b6d6c6365eff91efddfbc8d7c8c83","stop":1702641831532}