{"uid":"6428b35deaf8175","name":"TC02_verifyLoginFromCheckoutPage","fullName":"poc.spec.js#TC02_verifyLoginFromCheckoutPage","historyId":"466b6d6c6365eff91efddfbc8d7c8c83:5bd835b0d6b1d4ada3b9f0db936e82c8","time":{"start":1702641827946,"stop":1702641831532,"duration":3586},"status":"failed","statusMessage":"Error: locator.fill: DOMException: Failed to execute 'evaluate' on 'Document': The string '//input[@name='email'])[1]' is not a valid XPath expression.\n    at Object.queryAll (<anonymous>:41:25)\n    at InjectedScript._queryEngineAll (<anonymous>:4859:49)\n    at InjectedScript.querySelectorAll (<anonymous>:4846:30)\n    at eval (eval at evaluate (:226:30), <anonymous>:4:35)\n    at UtilityScript.evaluate (<anonymous>:228:17)\n    at UtilityScript.<anonymous> (<anonymous>:1:44)\nCall log:\n  - waiting for locator('//input[@name=\\'email\\'])[1]')\n","statusTrace":"Error: locator.fill: DOMException: Failed to execute 'evaluate' on 'Document': The string '//input[@name='email'])[1]' is not a valid XPath expression.\n    at Object.queryAll (<anonymous>:41:25)\n    at InjectedScript._queryEngineAll (<anonymous>:4859:49)\n    at InjectedScript.querySelectorAll (<anonymous>:4846:30)\n    at eval (eval at evaluate (:226:30), <anonymous>:4:35)\n    at UtilityScript.evaluate (<anonymous>:228:17)\n    at UtilityScript.<anonymous> (<anonymous>:1:44)\nCall log:\n  - waiting for locator('//input[@name=\\'email\\'])[1]')\n\n    at Object.queryAll (/Users/pabloyacoli/WILEY/playwright_poc/<anonymous>:41:25)\n    at InjectedScript._queryEngineAll (/Users/pabloyacoli/WILEY/playwright_poc/<anonymous>:4859:49)\n    at InjectedScript.querySelectorAll (/Users/pabloyacoli/WILEY/playwright_poc/<anonymous>:4846:30)\n    at eval (/Users/pabloyacoli/WILEY/playwright_poc/eval at evaluate (:226:30), <anonymous>:4:35)\n    at UtilityScript.evaluate (/Users/pabloyacoli/WILEY/playwright_poc/<anonymous>:228:17)\n    at UtilityScript.<anonymous> (/Users/pabloyacoli/WILEY/playwright_poc/<anonymous>:1:44)\n    at /Users/pabloyacoli/WILEY/playwright_poc/tests/poc.spec.js:29:33","flaky":false,"newFailed":false,"newBroken":false,"newPassed":false,"retriesCount":0,"retriesStatusChange":false,"beforeStages":[],"testStage":{"status":"failed","statusMessage":"Error: locator.fill: DOMException: Failed to execute 'evaluate' on 'Document': The string '//input[@name='email'])[1]' is not a valid XPath expression.\n    at Object.queryAll (<anonymous>:41:25)\n    at InjectedScript._queryEngineAll (<anonymous>:4859:49)\n    at InjectedScript.querySelectorAll (<anonymous>:4846:30)\n    at eval (eval at evaluate (:226:30), <anonymous>:4:35)\n    at UtilityScript.evaluate (<anonymous>:228:17)\n    at UtilityScript.<anonymous> (<anonymous>:1:44)\nCall log:\n  - waiting for locator('//input[@name=\\'email\\'])[1]')\n","statusTrace":"Error: locator.fill: DOMException: Failed to execute 'evaluate' on 'Document': The string '//input[@name='email'])[1]' is not a valid XPath expression.\n    at Object.queryAll (<anonymous>:41:25)\n    at InjectedScript._queryEngineAll (<anonymous>:4859:49)\n    at InjectedScript.querySelectorAll (<anonymous>:4846:30)\n    at eval (eval at evaluate (:226:30), <anonymous>:4:35)\n    at UtilityScript.evaluate (<anonymous>:228:17)\n    at UtilityScript.<anonymous> (<anonymous>:1:44)\nCall log:\n  - waiting for locator('//input[@name=\\'email\\'])[1]')\n\n    at Object.queryAll (/Users/pabloyacoli/WILEY/playwright_poc/<anonymous>:41:25)\n    at InjectedScript._queryEngineAll (/Users/pabloyacoli/WILEY/playwright_poc/<anonymous>:4859:49)\n    at InjectedScript.querySelectorAll (/Users/pabloyacoli/WILEY/playwright_poc/<anonymous>:4846:30)\n    at eval (/Users/pabloyacoli/WILEY/playwright_poc/eval at evaluate (:226:30), <anonymous>:4:35)\n    at UtilityScript.evaluate (/Users/pabloyacoli/WILEY/playwright_poc/<anonymous>:228:17)\n    at UtilityScript.<anonymous> (/Users/pabloyacoli/WILEY/playwright_poc/<anonymous>:1:44)\n    at /Users/pabloyacoli/WILEY/playwright_poc/tests/poc.spec.js:29:33","steps":[{"name":"Before Hooks","time":{"start":1702641827948,"stop":1702641828492,"duration":544},"status":"passed","steps":[{"name":"fixture: browser","time":{"start":1702641827961,"stop":1702641828230,"duration":269},"status":"passed","steps":[{"name":"browserType.launch","time":{"start":1702641827963,"stop":1702641828230,"duration":267},"status":"passed","steps":[],"attachments":[],"parameters":[],"shouldDisplayMessage":false,"stepsCount":0,"attachmentsCount":0,"hasContent":false,"attachmentStep":false}],"attachments":[],"parameters":[],"shouldDisplayMessage":false,"stepsCount":1,"attachmentsCount":0,"hasContent":true,"attachmentStep":false},{"name":"fixture: context","time":{"start":1702641828231,"stop":1702641828242,"duration":11},"status":"passed","steps":[{"name":"browser.newContext","time":{"start":1702641828234,"stop":1702641828238,"duration":4},"status":"passed","steps":[],"attachments":[],"parameters":[],"shouldDisplayMessage":false,"stepsCount":0,"attachmentsCount":0,"hasContent":false,"attachmentStep":false}],"attachments":[],"parameters":[],"shouldDisplayMessage":false,"stepsCount":1,"attachmentsCount":0,"hasContent":true,"attachmentStep":false},{"name":"fixture: page","time":{"start":1702641828242,"stop":1702641828492,"duration":250},"status":"passed","steps":[{"name":"browserContext.newPage","time":{"start":1702641828243,"stop":1702641828492,"duration":249},"status":"passed","steps":[],"attachments":[],"parameters":[],"shouldDisplayMessage":false,"stepsCount":0,"attachmentsCount":0,"hasContent":false,"attachmentStep":false}],"attachments":[],"parameters":[],"shouldDisplayMessage":false,"stepsCount":1,"attachmentsCount":0,"hasContent":true,"attachmentStep":false}],"attachments":[],"parameters":[],"shouldDisplayMessage":false,"stepsCount":6,"attachmentsCount":0,"hasContent":true,"attachmentStep":false},{"name":"page.goto(https://dev.checkout.wiley.com/en-gb/login)","time":{"start":1702641828495,"stop":1702641831278,"duration":2783},"status":"passed","steps":[],"attachments":[],"parameters":[],"shouldDisplayMessage":false,"stepsCount":0,"attachmentsCount":0,"hasContent":false,"attachmentStep":false},{"name":"locator.isDisabled(//button[contains(@class,'login-account__submit-btn')])","time":{"start":1702641831279,"stop":1702641831373,"duration":94},"status":"failed","statusMessage":"Error: locator.isDisabled: Test ended.\nCall log:\n  - waiting for locator('//button[contains(@class,\\'login-account__submit-btn\\')]')\n","statusTrace":"Error: locator.isDisabled: Test ended.\nCall log:\n  - waiting for locator('//button[contains(@class,\\'login-account__submit-btn\\')]')\n\n    at /Users/pabloyacoli/WILEY/playwright_poc/tests/poc.spec.js:28:28","steps":[{"name":"locator.fill(//input[@name='email'])[1])","time":{"start":1702641831281,"stop":1702641831304,"duration":23},"status":"failed","statusMessage":"Error: locator.fill: DOMException: Failed to execute 'evaluate' on 'Document': The string '//input[@name='email'])[1]' is not a valid XPath expression.\n    at Object.queryAll (<anonymous>:41:25)\n    at InjectedScript._queryEngineAll (<anonymous>:4859:49)\n    at InjectedScript.querySelectorAll (<anonymous>:4846:30)\n    at eval (eval at evaluate (:226:30), <anonymous>:4:35)\n    at UtilityScript.evaluate (<anonymous>:228:17)\n    at UtilityScript.<anonymous> (<anonymous>:1:44)\nCall log:\n  - waiting for locator('//input[@name=\\'email\\'])[1]')\n","statusTrace":"Error: locator.fill: DOMException: Failed to execute 'evaluate' on 'Document': The string '//input[@name='email'])[1]' is not a valid XPath expression.\n    at Object.queryAll (<anonymous>:41:25)\n    at InjectedScript._queryEngineAll (<anonymous>:4859:49)\n    at InjectedScript.querySelectorAll (<anonymous>:4846:30)\n    at eval (eval at evaluate (:226:30), <anonymous>:4:35)\n    at UtilityScript.evaluate (<anonymous>:228:17)\n    at UtilityScript.<anonymous> (<anonymous>:1:44)\nCall log:\n  - waiting for locator('//input[@name=\\'email\\'])[1]')\n\n    at Object.queryAll (/Users/pabloyacoli/WILEY/playwright_poc/<anonymous>:41:25)\n    at InjectedScript._queryEngineAll (/Users/pabloyacoli/WILEY/playwright_poc/<anonymous>:4859:49)\n    at InjectedScript.querySelectorAll (/Users/pabloyacoli/WILEY/playwright_poc/<anonymous>:4846:30)\n    at eval (/Users/pabloyacoli/WILEY/playwright_poc/eval at evaluate (:226:30), <anonymous>:4:35)\n    at UtilityScript.evaluate (/Users/pabloyacoli/WILEY/playwright_poc/<anonymous>:228:17)\n    at UtilityScript.<anonymous> (/Users/pabloyacoli/WILEY/playwright_poc/<anonymous>:1:44)\n    at /Users/pabloyacoli/WILEY/playwright_poc/tests/poc.spec.js:29:33","steps":[],"attachments":[],"parameters":[],"shouldDisplayMessage":true,"stepsCount":0,"attachmentsCount":0,"hasContent":true,"attachmentStep":false}],"attachments":[],"parameters":[],"shouldDisplayMessage":true,"stepsCount":1,"attachmentsCount":0,"hasContent":true,"attachmentStep":false},{"name":"Error: locator.fill: DOMException: Failed to execute 'evaluate' on 'Document': The string '//input[@name='email'])[1]' is not a valid XPath expression.\n    at Object.queryAll (<anonymous>:41:25)\n    at InjectedScript._queryEngineAll (<anonymous>:4859:49)\n    at InjectedScript.querySelectorAll (<anonymous>:4846:30)\n    at eval (eval at evaluate (:226:30), <anonymous>:4:35)\n    at UtilityScript.evaluate (<anonymous>:228:17)\n    at UtilityScript.<anonymous> (<anonymous>:1:44)\nCall log:\n  \u001B[2m- waiting for locator('//input[@name=\\'email\\'])[1]')\u001B[22m\n","time":{"start":1702641831304,"stop":1702641831304,"duration":0},"status":"failed","statusMessage":"Error: locator.fill: DOMException: Failed to execute 'evaluate' on 'Document': The string '//input[@name='email'])[1]' is not a valid XPath expression.\n    at Object.queryAll (<anonymous>:41:25)\n    at InjectedScript._queryEngineAll (<anonymous>:4859:49)\n    at InjectedScript.querySelectorAll (<anonymous>:4846:30)\n    at eval (eval at evaluate (:226:30), <anonymous>:4:35)\n    at UtilityScript.evaluate (<anonymous>:228:17)\n    at UtilityScript.<anonymous> (<anonymous>:1:44)\nCall log:\n  - waiting for locator('//input[@name=\\'email\\'])[1]')\n","statusTrace":"Error: locator.fill: DOMException: Failed to execute 'evaluate' on 'Document': The string '//input[@name='email'])[1]' is not a valid XPath expression.\n    at Object.queryAll (<anonymous>:41:25)\n    at InjectedScript._queryEngineAll (<anonymous>:4859:49)\n    at InjectedScript.querySelectorAll (<anonymous>:4846:30)\n    at eval (eval at evaluate (:226:30), <anonymous>:4:35)\n    at UtilityScript.evaluate (<anonymous>:228:17)\n    at UtilityScript.<anonymous> (<anonymous>:1:44)\nCall log:\n  - waiting for locator('//input[@name=\\'email\\'])[1]')\n\n    at Object.queryAll (/Users/pabloyacoli/WILEY/playwright_poc/<anonymous>:41:25)\n    at InjectedScript._queryEngineAll (/Users/pabloyacoli/WILEY/playwright_poc/<anonymous>:4859:49)\n    at InjectedScript.querySelectorAll (/Users/pabloyacoli/WILEY/playwright_poc/<anonymous>:4846:30)\n    at eval (/Users/pabloyacoli/WILEY/playwright_poc/eval at evaluate (:226:30), <anonymous>:4:35)\n    at UtilityScript.evaluate (/Users/pabloyacoli/WILEY/playwright_poc/<anonymous>:228:17)\n    at UtilityScript.<anonymous> (/Users/pabloyacoli/WILEY/playwright_poc/<anonymous>:1:44)\n    at /Users/pabloyacoli/WILEY/playwright_poc/tests/poc.spec.js:29:33","steps":[],"attachments":[],"parameters":[],"shouldDisplayMessage":true,"stepsCount":0,"attachmentsCount":0,"hasContent":true,"attachmentStep":false},{"name":"After Hooks","time":{"start":1702641831304,"stop":1702641831529,"duration":225},"status":"passed","steps":[{"name":"fixture: page","time":{"start":1702641831304,"stop":1702641831304,"duration":0},"status":"passed","steps":[],"attachments":[],"parameters":[],"shouldDisplayMessage":false,"stepsCount":0,"attachmentsCount":0,"hasContent":false,"attachmentStep":false},{"name":"fixture: context","time":{"start":1702641831304,"stop":1702641831304,"duration":0},"status":"passed","steps":[],"attachments":[],"parameters":[],"shouldDisplayMessage":false,"stepsCount":0,"attachmentsCount":0,"hasContent":false,"attachmentStep":false},{"name":"fixture: browser","time":{"start":1702641831460,"stop":1702641831529,"duration":69},"status":"passed","steps":[],"attachments":[],"parameters":[],"shouldDisplayMessage":false,"stepsCount":0,"attachmentsCount":0,"hasContent":false,"attachmentStep":false}],"attachments":[],"parameters":[],"shouldDisplayMessage":false,"stepsCount":3,"attachmentsCount":0,"hasContent":true,"attachmentStep":false}],"attachments":[{"uid":"27e074d29f1b1c13","name":"trace","source":"27e074d29f1b1c13.zip","type":"application/zip","size":522593}],"parameters":[],"shouldDisplayMessage":false,"stepsCount":15,"attachmentsCount":1,"hasContent":true,"attachmentStep":false},"afterStages":[],"labels":[{"name":"language","value":"JavaScript"},{"name":"framework","value":"Playwright"},{"name":"titlePath","value":" > chromium > poc.spec.js"},{"name":"host","value":"Pablos-MacBook-Pro.local"},{"name":"thread","value":"Pablos-MacBook-Pro.local-33505-playwright-worker-0"},{"name":"parentSuite","value":"chromium"},{"name":"suite","value":"poc.spec.js"},{"name":"resultFormat","value":"allure2"}],"parameters":[{"name":"Project","value":"chromium"}],"links":[],"hidden":true,"retry":true,"extra":{"categories":[],"tags":[]},"source":"6428b35deaf8175.json","parameterValues":["chromium"]}